2026-06-30 00:00:45,223 [ERROR] AdobePublisher:162 - Exception while opening the connection: java.net.SocketTimeoutException: Read timed out
2026-06-30 00:00:47,307 [ERROR] AdobePublisher:162 - Exception while opening the connection: java.net.SocketTimeoutException: Read timed out
2026-06-30 00:00:49,366 [ERROR] AdobePublisher:162 - Exception while opening the connection: java.net.SocketTimeoutException: Read timed out
2026-06-30 00:00:51,432 [ERROR] AdobePublisher:162 - Exception while opening the connection: java.net.SocketTimeoutException: Read timed out
2026-06-30 00:00:53,485 [ERROR] AdobePublisher:162 - Exception while opening the connection: java.net.SocketTimeoutException: Read timed out
2026-06-30 00:00:57,722 [ERROR] ConfigurationRetriever:142 - IOException on connection: Read timed out
2026-06-30 00:03:23,931 [ERROR] ConfigurationRetriever:142 - IOException on connection: Read timed out
2026-06-30 00:03:25,985 [ERROR] ConfigurationRetriever:142 - IOException on connection: Read timed out
2026-06-30 00:03:28,043 [ERROR] ConfigurationRetriever:142 - IOException on connection: Read timed out
2026-06-30 00:03:30,113 [ERROR] ConfigurationRetriever:142 - IOException on connection: Read timed out
2026-06-30 00:03:32,168 [ERROR] ConfigurationRetriever:142 - IOException on connection: Read timed out
2026-06-30 00:03:34,229 [ERROR] ConfigurationRetriever:142 - IOException on connection: Read timed out
2026-06-30 00:08:56,262 [ERROR] AdobePublisher:162 - Exception while opening the connection: java.net.SocketTimeoutException: Read timed out
2026-06-30 00:08:58,321 [ERROR] AdobePublisher:162 - Exception while opening the connection: java.net.SocketTimeoutException: Read timed out
2026-06-30 00:09:00,361 [ERROR] AdobePublisher:162 - Exception while opening the connection: java.net.SocketTimeoutException: Read timed out
2026-06-30 00:09:02,428 [ERROR] AdobePublisher:162 - Exception while opening the connection: java.net.SocketTimeoutException: Read timed out
2026-06-30 00:09:04,511 [ERROR] AdobePublisher:162 - Exception while opening the connection: java.net.SocketTimeoutException: Read timed out
2026-06-30 00:09:08,924 [ERROR] AdobePublisher:162 - Exception while opening the connection: java.net.SocketTimeoutException: Read timed out
2026-06-30 00:09:10,985 [ERROR] AdobePublisher:162 - Exception while opening the connection: java.net.SocketTimeoutException: Read timed out
2026-06-30 00:09:13,044 [ERROR] AdobePublisher:162 - Exception while opening the connection: java.net.SocketTimeoutException: Read timed out
2026-06-30 00:09:15,106 [ERROR] AdobePublisher:162 - Exception while opening the connection: java.net.SocketTimeoutException: Read timed out
2026-06-30 00:09:17,193 [ERROR] AdobePublisher:162 - Exception while opening the connection: java.net.SocketTimeoutException: Read timed out
2026-06-30 00:09:56,046 [ERROR] AdobePublisher:162 - Exception while opening the connection: java.net.SocketTimeoutException: Read timed out
2026-06-30 00:09:58,094 [ERROR] AdobePublisher:162 - Exception while opening the connection: java.net.SocketTimeoutException: Read timed out
2026-06-30 00:10:00,137 [ERROR] AdobePublisher:162 - Exception while opening the connection: java.net.SocketTimeoutException: Read timed out
2026-06-30 00:10:02,187 [ERROR] AdobePublisher:162 - Exception while opening the connection: java.net.SocketTimeoutException: Read timed out
2026-06-30 00:10:04,250 [ERROR] AdobePublisher:162 - Exception while opening the connection: java.net.SocketTimeoutException: Read timed out
2026-06-30 00:10:08,220 [ERROR] AdobePublisher:162 - Exception while opening the connection: java.net.SocketTimeoutException: Read timed out
2026-06-30 00:10:10,281 [ERROR] AdobePublisher:162 - Exception while opening the connection: java.net.SocketTimeoutException: Read timed out
2026-06-30 00:10:12,332 [ERROR] AdobePublisher:162 - Exception while opening the connection: java.net.SocketTimeoutException: Read timed out
2026-06-30 00:10:14,379 [ERROR] AdobePublisher:162 - Exception while opening the connection: java.net.SocketTimeoutException: Read timed out
2026-06-30 00:10:16,445 [ERROR] AdobePublisher:162 - Exception while opening the connection: java.net.SocketTimeoutException: Read timed out
2026-06-30 00:13:16,438 [ERROR] AdobePublisher:162 - Exception while opening the connection: java.net.SocketTimeoutException: Read timed out
2026-06-30 00:13:18,484 [ERROR] AdobePublisher:162 - Exception while opening the connection: java.net.SocketTimeoutException: Read timed out
2026-06-30 00:13:20,526 [ERROR] AdobePublisher:162 - Exception while opening the connection: java.net.SocketTimeoutException: Read timed out
2026-06-30 00:13:22,571 [ERROR] AdobePublisher:162 - Exception while opening the connection: java.net.SocketTimeoutException: Read timed out
2026-06-30 00:13:24,627 [ERROR] AdobePublisher:162 - Exception while opening the connection: java.net.SocketTimeoutException: Read timed out
2026-06-30 00:13:28,810 [ERROR] ConfigurationRetriever:142 - IOException on connection: Read timed out
2026-06-30 00:13:31,389 [ERROR] AdobePublisher:162 - Exception while opening the connection: java.net.SocketTimeoutException: Read timed out
2026-06-30 00:13:33,431 [ERROR] AdobePublisher:162 - Exception while opening the connection: java.net.SocketTimeoutException: Read timed out
2026-06-30 00:13:35,497 [ERROR] AdobePublisher:162 - Exception while opening the connection: java.net.SocketTimeoutException: Read timed out
2026-06-30 00:13:37,567 [ERROR] AdobePublisher:162 - Exception while opening the connection: java.net.SocketTimeoutException: Read timed out
2026-06-30 00:13:39,600 [ERROR] AdobePublisher:162 - Exception while opening the connection: java.net.SocketTimeoutException: Read timed out
2026-06-30 00:13:49,777 [ERROR] AdobePublisher:162 - Exception while opening the connection: java.net.SocketTimeoutException: Read timed out
2026-06-30 00:13:51,827 [ERROR] AdobePublisher:162 - Exception while opening the connection: java.net.SocketTimeoutException: Read timed out
2026-06-30 00:13:53,883 [ERROR] AdobePublisher:162 - Exception while opening the connection: java.net.SocketTimeoutException: Read timed out
2026-06-30 00:13:55,934 [ERROR] AdobePublisher:162 - Exception while opening the connection: java.net.SocketTimeoutException: Read timed out
2026-06-30 00:13:57,987 [ERROR] AdobePublisher:162 - Exception while opening the connection: java.net.SocketTimeoutException: Read timed out
2026-06-30 00:14:02,999 [ERROR] AdobePublisher:162 - Exception while opening the connection: java.net.SocketTimeoutException: Read timed out
2026-06-30 00:14:05,041 [ERROR] AdobePublisher:162 - Exception while opening the connection: java.net.SocketTimeoutException: Read timed out
2026-06-30 00:14:07,103 [ERROR] AdobePublisher:162 - Exception while opening the connection: java.net.SocketTimeoutException: Read timed out
2026-06-30 00:14:09,161 [ERROR] AdobePublisher:162 - Exception while opening the connection: java.net.SocketTimeoutException: Read timed out
2026-06-30 00:14:11,229 [ERROR] AdobePublisher:162 - Exception while opening the connection: java.net.SocketTimeoutException: Read timed out
2026-06-30 00:14:17,039 [ERROR] AdobePublisher:162 - Exception while opening the connection: java.net.SocketTimeoutException: Read timed out
2026-06-30 00:14:19,100 [ERROR] AdobePublisher:162 - Exception while opening the connection: java.net.SocketTimeoutException: Read timed out
2026-06-30 00:14:21,139 [ERROR] AdobePublisher:162 - Exception while opening the connection: java.net.SocketTimeoutException: Read timed out
2026-06-30 00:14:23,207 [ERROR] AdobePublisher:162 - Exception while opening the connection: java.net.SocketTimeoutException: Read timed out
2026-06-30 00:14:25,269 [ERROR] AdobePublisher:162 - Exception while opening the connection: java.net.SocketTimeoutException: Read timed out
2026-06-30 00:14:31,917 [ERROR] AdobePublisher:162 - Exception while opening the connection: java.net.SocketTimeoutException: Read timed out
2026-06-30 00:14:33,984 [ERROR] AdobePublisher:162 - Exception while opening the connection: java.net.SocketTimeoutException: Read timed out
2026-06-30 00:14:36,050 [ERROR] AdobePublisher:162 - Exception while opening the connection: java.net.SocketTimeoutException: Read timed out
2026-06-30 00:14:38,122 [ERROR] AdobePublisher:162 - Exception while opening the connection: java.net.SocketTimeoutException: Read timed out
2026-06-30 00:14:40,189 [ERROR] AdobePublisher:162 - Exception while opening the connection: java.net.SocketTimeoutException: Read timed out
2026-06-30 00:14:45,558 [ERROR] AdobePublisher:162 - Exception while opening the connection: java.net.SocketTimeoutException: Read timed out
2026-06-30 00:14:47,627 [ERROR] AdobePublisher:162 - Exception while opening the connection: java.net.SocketTimeoutException: Read timed out
2026-06-30 00:14:49,681 [ERROR] AdobePublisher:162 - Exception while opening the connection: java.net.SocketTimeoutException: Read timed out
2026-06-30 00:14:51,739 [ERROR] AdobePublisher:162 - Exception while opening the connection: java.net.SocketTimeoutException: Read timed out
2026-06-30 00:14:53,788 [ERROR] AdobePublisher:162 - Exception while opening the connection: java.net.SocketTimeoutException: Read timed out
2026-06-30 00:15:00,875 [ERROR] AdobePublisher:162 - Exception while opening the connection: java.net.SocketTimeoutException: Read timed out
2026-06-30 00:15:02,931 [ERROR] AdobePublisher:162 - Exception while opening the connection: java.net.SocketTimeoutException: Read timed out
2026-06-30 00:15:05,017 [ERROR] AdobePublisher:162 - Exception while opening the connection: java.net.SocketTimeoutException: Read timed out
2026-06-30 00:15:07,097 [ERROR] AdobePublisher:162 - Exception while opening the connection: java.net.SocketTimeoutException: Read timed out
2026-06-30 00:15:09,164 [ERROR] AdobePublisher:162 - Exception while opening the connection: java.net.SocketTimeoutException: Read timed out
2026-06-30 00:19:50,432 [INFO] UtilMem:75 - End SaveConfig() Used Memory: 326605544 Bytes (1045430272)
2026-06-30 00:19:52,192 [INFO] UtilMem:75 - End SaveConfig() Used Memory: 450859752 Bytes (1045430272)
2026-06-30 00:19:52,477 [INFO] BlockDiagram:2775 - set Specific Code input for plugin: NVIC
2026-06-30 00:19:52,478 [INFO] BlockDiagram:2775 - set Specific Code input for plugin: USART
2026-06-30 00:19:52,478 [INFO] BlockDiagram:2775 - set Specific Code input for plugin: SYS
2026-06-30 00:19:52,478 [INFO] BlockDiagram:2775 - set Specific Code input for plugin: GPIO
2026-06-30 00:19:52,478 [INFO] BlockDiagram:2775 - set Specific Code input for plugin: RCC
2026-06-30 00:19:52,479 [INFO] CodeGenerator:892 - code generatio: config db path: C:\ST\STM32CubeIDE_1.19.0\STM32CubeIDE\plugins\com.st.stm32cube.common.mx_6.15.0.202507011659\\db\
2026-06-30 00:19:52,642 [INFO] CodeEngine:265 - oldGeneratedFile, E:\DoC\STM32\WorkSpace19\03-Blink2\MXTmpFiles\license.tmp_save
2026-06-30 00:19:52,883 [INFO] CodeEngine:289 - Generated code: E:\DoC\STM32\WorkSpace19\03-Blink2\MXTmpFiles\license.tmp
2026-06-30 00:19:52,913 [INFO] CodeEngine:265 - oldGeneratedFile, E:\DoC\STM32\WorkSpace19\03-Blink2\MXTmpFiles\gpio.tmp_save
2026-06-30 00:19:53,033 [INFO] CodeEngine:289 - Generated code: E:\DoC\STM32\WorkSpace19\03-Blink2\MXTmpFiles\gpio.tmp
2026-06-30 00:19:53,097 [INFO] CodeEngine:265 - oldGeneratedFile, E:\DoC\STM32\WorkSpace19\03-Blink2\Core\Src\stm32f1xx_it.c_save
2026-06-30 00:19:53,284 [INFO] CodeEngine:289 - Generated code: E:\DoC\STM32\WorkSpace19\03-Blink2\Core\Src\stm32f1xx_it.c
2026-06-30 00:19:53,290 [INFO] CodeEngine:265 - oldGeneratedFile, E:\DoC\STM32\WorkSpace19\03-Blink2\Core\Inc\stm32f1xx_it.h_save
2026-06-30 00:19:53,380 [INFO] CodeEngine:289 - Generated code: E:\DoC\STM32\WorkSpace19\03-Blink2\Core\Inc\stm32f1xx_it.h
2026-06-30 00:19:53,389 [INFO] CodeEngine:265 - oldGeneratedFile, E:\DoC\STM32\WorkSpace19\03-Blink2\Core\Src\stm32f1xx_hal_msp.c_save
2026-06-30 00:19:53,505 [INFO] CodeEngine:289 - Generated code: E:\DoC\STM32\WorkSpace19\03-Blink2\Core\Src\stm32f1xx_hal_msp.c
2026-06-30 00:19:53,511 [INFO] CodeEngine:265 - oldGeneratedFile, E:\DoC\STM32\WorkSpace19\03-Blink2\MXTmpFiles\system.tmp_save
2026-06-30 00:19:53,572 [INFO] CodeEngine:289 - Generated code: E:\DoC\STM32\WorkSpace19\03-Blink2\MXTmpFiles\system.tmp
2026-06-30 00:19:53,582 [INFO] CodeEngine:321 - oldGeneratedFile, E:\DoC\STM32\WorkSpace19\03-Blink2\Core\Inc\stm32f1xx_hal_conf.h_save
2026-06-30 00:19:53,654 [INFO] CodeEngine:345 - Generated code: E:\DoC\STM32\WorkSpace19\03-Blink2\Core\Inc\stm32f1xx_hal_conf.h
2026-06-30 00:19:53,681 [INFO] CodeEngine:265 - oldGeneratedFile, E:\DoC\STM32\WorkSpace19\03-Blink2\Core\Inc\main.h_save
2026-06-30 00:19:53,777 [INFO] CodeEngine:289 - Generated code: E:\DoC\STM32\WorkSpace19\03-Blink2\Core\Inc\main.h
2026-06-30 00:19:53,783 [INFO] CodeEngine:265 - oldGeneratedFile, E:\DoC\STM32\WorkSpace19\03-Blink2\Core\Src\main.c_save
2026-06-30 00:19:53,872 [INFO] CodeEngine:289 - Generated code: E:\DoC\STM32\WorkSpace19\03-Blink2\Core\Src\main.c
2026-06-30 00:19:54,074 [INFO] ProjectBuilder:3606 - Time for Copy HAL[1] : 68mS.
2026-06-30 00:19:54,076 [INFO] ProjectBuilder:5216 - Project Generator version: 4.7.0-B52
2026-06-30 00:19:54,140 [INFO] ConfigFileManager:1595 - The Die is : DIE410
2026-06-30 00:19:54,774 [INFO] ProjectBuilder:5496 - Time for Generating toolchain IDE Files: 697mS.
2026-06-30 00:19:54,775 [INFO] ProjectBuilder:3463 - Time for Copy CMSIS : 0mS.
2026-06-30 00:19:54,777 [INFO] ProjectBuilder:3463 - Time for Copy CMSIS : 0mS.
2026-06-30 00:20:03,478 [ERROR] AdobePublisher:162 - Exception while opening the connection: java.net.SocketTimeoutException: Read timed out
2026-06-30 00:20:05,518 [ERROR] AdobePublisher:162 - Exception while opening the connection: java.net.SocketTimeoutException: Read timed out
2026-06-30 00:20:07,579 [ERROR] AdobePublisher:162 - Exception while opening the connection: java.net.SocketTimeoutException: Read timed out
2026-06-30 00:20:09,615 [ERROR] AdobePublisher:162 - Exception while opening the connection: java.net.SocketTimeoutException: Read timed out
2026-06-30 00:20:11,654 [ERROR] AdobePublisher:162 - Exception while opening the connection: java.net.SocketTimeoutException: Read timed out
2026-06-30 00:20:16,089 [ERROR] AdobePublisher:162 - Exception while opening the connection: java.net.SocketTimeoutException: Read timed out
2026-06-30 00:20:18,116 [ERROR] AdobePublisher:162 - Exception while opening the connection: java.net.SocketTimeoutException: Read timed out
2026-06-30 00:20:20,156 [ERROR] AdobePublisher:162 - Exception while opening the connection: java.net.SocketTimeoutException: Read timed out
2026-06-30 00:20:22,214 [ERROR] AdobePublisher:162 - Exception while opening the connection: java.net.SocketTimeoutException: Read timed out
2026-06-30 00:20:24,258 [ERROR] AdobePublisher:162 - Exception while opening the connection: java.net.SocketTimeoutException: Read timed out
2026-06-30 00:20:26,583 [ERROR] ConfigurationRetriever:142 - IOException on connection: Read timed out
2026-06-30 00:20:30,512 [ERROR] AdobePublisher:162 - Exception while opening the connection: java.net.SocketTimeoutException: Read timed out
2026-06-30 00:20:32,556 [ERROR] AdobePublisher:162 - Exception while opening the connection: java.net.SocketTimeoutException: Read timed out
2026-06-30 00:20:34,610 [ERROR] AdobePublisher:162 - Exception while opening the connection: java.net.SocketTimeoutException: Read timed out
2026-06-30 00:20:36,657 [ERROR] AdobePublisher:162 - Exception while opening the connection: java.net.SocketTimeoutException: Read timed out
2026-06-30 00:20:38,724 [ERROR] AdobePublisher:162 - Exception while opening the connection: java.net.SocketTimeoutException: Read timed out
